<?xml version="1.0" encoding="UTF-8"?>
<!-- Generated by org.testng.reporters.JUnitReportReporter -->
<testsuite failures="0" tests="1" name="com.rokomari.tests.SignOutTest" time="5.049" errors="0" timestamp="2023-09-01T02:59:59 BDT" skipped="0">
  <testcase classname="com.rokomari.tests.SignOutTest" name="signOutPageTest" time="5.049"/>
</testsuite> <!-- com.rokomari.tests.SignOutTest -->
