<?xml version="1.0" encoding="UTF-8"?>
<!-- Generated by org.testng.reporters.JUnitReportReporter -->
<testsuite failures="0" tests="1" name="com.rokomari.tests.SelectBookTest" time="6.014" errors="0" timestamp="2023-09-01T03:17:38 BDT" skipped="0">
  <testcase classname="com.rokomari.tests.SelectBookTest" name="selectbook" time="6.014"/>
</testsuite> <!-- com.rokomari.tests.SelectBookTest -->
