<?xml version="1.0" encoding="UTF-8"?>
<!-- Generated by org.testng.reporters.JUnitReportReporter -->
<testsuite failures="0" tests="1" name="com.rokomari.tests.CartScrollingTest" time="12.262" errors="0" timestamp="2023-08-31T00:52:38 BDT" skipped="0">
  <testcase classname="com.rokomari.tests.CartScrollingTest" name="cartScrollTest" time="12.262"/>
</testsuite> <!-- com.rokomari.tests.CartScrollingTest -->
