<?xml version="1.0" encoding="UTF-8"?>
<!-- Generated by org.testng.reporters.JUnitReportReporter -->
<testsuite failures="0" tests="1" name="com.rokomari.tests.CartScrollingWithRocketSelectTest" time="4.341" errors="0" timestamp="2023-09-01T02:59:59 BDT" skipped="0">
  <testcase classname="com.rokomari.tests.CartScrollingWithRocketSelectTest" name="cartScrollTest" time="4.341"/>
</testsuite> <!-- com.rokomari.tests.CartScrollingWithRocketSelectTest -->
