<?xml version="1.0" encoding="UTF-8"?>
<!-- Generated by org.testng.reporters.JUnitReportReporter -->
<testsuite failures="0" tests="1" name="com.rokomari.tests.WriterPageTest" time="9.773" errors="0" timestamp="2023-09-01T03:17:38 BDT" skipped="0">
  <testcase classname="com.rokomari.tests.WriterPageTest" name="writerPageTest" time="9.773"/>
</testsuite> <!-- com.rokomari.tests.WriterPageTest -->
